<?xml version="1.0" encoding="UTF-8"?>
<testsuite xmlns:xsi="http://www.w3.org/2001/XMLSchema-instance" xsi:noNamespaceSchemaLocation="https://maven.apache.org/surefire/maven-surefire-plugin/xsd/surefire-test-report-3.0.xsd" version="3.0" name="TestSuite" time="33.328" tests="1" errors="0" skipped="0" failures="0">
  <properties>
[...]
</properties>
  <testcase name="validlogin" classname="tests.Tc1_loginpage" time="0.922">
    <system-out><![CDATA[[INFO] 2025-12-11 00:29:14 [Utilites.logsutils] - null
[INFO] 2025-12-11 00:29:18 [Utilites.logsutils] - the edge browser is opened
[INFO] 2025-12-11 00:29:41 [Utilites.logsutils] - the edge browser is navigate to url
[INFO] 2025-12-11 00:29:41 [Utilites.logsutils] - Testcase validloginstarted
]]></system-out>
    <system-err><![CDATA[Dec 11, 2025 12:29:18 AM org.openqa.selenium.devtools.CdpVersionFinder findNearestMatch
WARNING: Unable to find an exact match for CDP version 143, returning the closest version; found: 141; Please update to a Selenium version that supports CDP version 143
]]></system-err>
  </testcase>
</testsuite>