<?xml version="1.0" encoding="UTF-8"?>
<testng-results ignored="0" total="1" passed="1" failed="0" skipped="0">
  <reporter-output>
  </reporter-output>
  <suite started-at="2025-12-11T00:29:12 EET" name="loginpage" finished-at="2025-12-11T00:29:43 EET" duration-ms="30625">
    <groups>
    </groups>
    <test started-at="2025-12-11T00:29:12 EET" name="loginpage" finished-at="2025-12-11T00:29:43 EET" duration-ms="30625">
      <class name="tests.Tc1_loginpage">
        <test-method is-config="true" signature="setup()[pri:0, instance:tests.Tc1_loginpage@4a9486c0]" started-at="2025-12-11T00:29:12 EET" name="setup" finished-at="2025-12-11T00:29:41 EET" duration-ms="28610" status="PASS">
          <reporter-output>
          </reporter-output>
        </test-method> <!-- setup -->
        <test-method signature="validlogin()[pri:0, instance:tests.Tc1_loginpage@4a9486c0]" started-at="2025-12-11T00:29:41 EET" name="validlogin" finished-at="2025-12-11T00:29:42 EET" duration-ms="879" status="PASS">
          <reporter-output>
          </reporter-output>
        </test-method> <!-- validlogin -->
        <test-method is-config="true" signature="quit()[pri:0, instance:tests.Tc1_loginpage@4a9486c0]" started-at="2025-12-11T00:29:42 EET" name="quit" finished-at="2025-12-11T00:29:43 EET" duration-ms="552" status="PASS">
          <reporter-output>
          </reporter-output>
        </test-method> <!-- quit -->
      </class> <!-- tests.Tc1_loginpage -->
    </test> <!-- loginpage -->
  </suite> <!-- loginpage -->
</testng-results>
