[ERROR] 2025-12-07 14:26:32 [Utilites.logsutils] - src\test\resources\testdata\information.json (The system cannot find the file specified)
[ERROR] 2025-12-07 14:26:32 [Utilites.logsutils] - src\test\resources\testdata\information.json (The system cannot find the file specified)
[INFO] 2025-12-07 14:26:35 [Utilites.logsutils] - the edge browser is opened
[INFO] 2025-12-07 14:26:38 [Utilites.logsutils] - the edge browser is navigate to url
[INFO] 2025-12-07 14:26:38 [Utilites.logsutils] - Testcase completetcstarted
[INFO] 2025-12-07 14:26:39 [Utilites.logsutils] - the number of add produce6
[INFO] 2025-12-07 14:26:40 [Utilites.logsutils] - firstname :0-2025-12-07-2-26-32PMlastname0-2025-12-07-2-26-32PMzipcode : 12035
