[ERROR] 2025-12-06 17:02:30 [Utilites.logsutils] - src\test\resources\testdata\information.json (The system cannot find the file specified)
[ERROR] 2025-12-06 17:02:30 [Utilites.logsutils] - src\test\resources\testdata\information.json (The system cannot find the file specified)
[INFO] 2025-12-06 17:02:43 [Utilites.logsutils] - the edge browser is opened
[INFO] 2025-12-06 17:03:31 [Utilites.logsutils] - the edge browser is navigate to url
[INFO] 2025-12-06 17:03:31 [Utilites.logsutils] - Testcase checkouttcstarted
[INFO] 2025-12-06 17:03:32 [Utilites.logsutils] - randomnumber1
[INFO] 2025-12-06 17:03:33 [Utilites.logsutils] - randomnumber2
[INFO] 2025-12-06 17:03:33 [Utilites.logsutils] - randomnumber4
[INFO] 2025-12-06 17:03:33 [Utilites.logsutils] - randomnumber6
