[ERROR] 2025-12-06 17:06:52 [Utilites.logsutils] - src\test\resources\testdata\information.json (The system cannot find the file specified)
[ERROR] 2025-12-06 17:06:52 [Utilites.logsutils] - src\test\resources\testdata\information.json (The system cannot find the file specified)
[INFO] 2025-12-06 17:06:56 [Utilites.logsutils] - the edge browser is opened
[INFO] 2025-12-06 17:07:00 [Utilites.logsutils] - the edge browser is navigate to url
[INFO] 2025-12-06 17:07:01 [Utilites.logsutils] - Testcase checkouttcstarted
[INFO] 2025-12-06 17:07:02 [Utilites.logsutils] - randomnumber1
[INFO] 2025-12-06 17:07:02 [Utilites.logsutils] - randomnumber2
[INFO] 2025-12-06 17:07:02 [Utilites.logsutils] - randomnumber5
[INFO] 2025-12-06 17:07:02 [Utilites.logsutils] - randomnumber6
[INFO] 2025-12-06 17:07:03 [Utilites.logsutils] - firstname :0-2025-12-06-5-6-52PMlastname0-2025-12-06-5-6-52PMzipcode : 02824
