[ERROR] 2025-12-07 12:46:00 [Utilites.logsutils] - src\test\resources\testdata\information.json (The system cannot find the file specified)
[ERROR] 2025-12-07 12:46:00 [Utilites.logsutils] - src\test\resources\testdata\information.json (The system cannot find the file specified)
[INFO] 2025-12-07 12:46:15 [Utilites.logsutils] - the edge browser is opened
[INFO] 2025-12-07 12:46:17 [Utilites.logsutils] - the edge browser is navigate to url
[INFO] 2025-12-07 12:46:17 [Utilites.logsutils] - Testcase completetcstarted
[INFO] 2025-12-07 12:46:18 [Utilites.logsutils] - the number of add produce6
[INFO] 2025-12-07 12:46:19 [Utilites.logsutils] - firstname :0-2025-12-07-12-46-00PMlastname0-2025-12-07-12-46-00PMzipcode : 61661
