[ERROR] 2025-12-06 18:40:39 [Utilites.logsutils] - src\test\resources\testdata\information.json (The system cannot find the file specified)
[ERROR] 2025-12-06 18:40:39 [Utilites.logsutils] - src\test\resources\testdata\information.json (The system cannot find the file specified)
[INFO] 2025-12-06 18:40:44 [Utilites.logsutils] - the edge browser is opened
