[ERROR] 2025-12-10 23:45:48 [Utilites.logsutils] - src\test\resources\testdata\information.json (The system cannot find the file specified)
[ERROR] 2025-12-10 23:45:48 [Utilites.logsutils] - src\test\resources\testdata\information.json (The system cannot find the file specified)
[ERROR] 2025-12-10 23:45:48 [Utilites.logsutils] - src\test\resources\testdata\information.json (The system cannot find the file specified)
[ERROR] 2025-12-10 23:45:48 [Utilites.logsutils] - src\test\resources\testdata\information.json (The system cannot find the file specified)
[ERROR] 2025-12-10 23:45:48 [Utilites.logsutils] - src\test\resources\testdata\information.json (The system cannot find the file specified)
[ERROR] 2025-12-10 23:45:48 [Utilites.logsutils] - src\test\resources\testdata\information.json (The system cannot find the file specified)
[INFO] 2025-12-10 23:45:48 [Utilites.logsutils] - null
[INFO] 2025-12-10 23:45:50 [Utilites.logsutils] - the edge browser is opened
[INFO] 2025-12-10 23:45:52 [Utilites.logsutils] - the edge browser is navigate to url
[INFO] 2025-12-10 23:45:52 [Utilites.logsutils] - Testcase validloginstarted
[INFO] 2025-12-10 23:45:54 [Utilites.logsutils] - the edge browser is opened
[INFO] 2025-12-10 23:45:56 [Utilites.logsutils] - the edge browser is navigate to url
[INFO] 2025-12-10 23:45:58 [Utilites.logsutils] - the edge browser is opened
[INFO] 2025-12-10 23:46:03 [Utilites.logsutils] - the edge browser is navigate to url
[INFO] 2025-12-10 23:46:05 [Utilites.logsutils] - Testcase addrandomnumbertocartstarted
[INFO] 2025-12-10 23:46:05 [Utilites.logsutils] - randomnumber1
[INFO] 2025-12-10 23:46:05 [Utilites.logsutils] - randomnumber2
[INFO] 2025-12-10 23:46:05 [Utilites.logsutils] - randomnumber6
[INFO] 2025-12-10 23:46:05 [Utilites.logsutils] - the number of card icon By.className: //*[@id="shopping_cart_container"]/a/span
[ERROR] 2025-12-10 23:46:11 [Utilites.logsutils] - no such element: Unable to locate element: {"method":"css selector","selector":".\/\/\*\[\@id\=\"shopping_cart_container\"\]\/a\/span"}
  (Session info: MicrosoftEdge=143.0.3650.75)
For documentation on this error, please visit: https://www.selenium.dev/documentation/webdriver/troubleshooting/errors#nosuchelementexception
Build info: version: '4.37.0', revision: '3c1da1e342'
System info: os.name: 'Windows 10', os.arch: 'amd64', os.version: '10.0', java.version: '21.0.8'
Driver info: org.openqa.selenium.edge.EdgeDriver
Command: [bc39a54fb43295549cb40c0294b38807, findElement {using=class name, value=//*[@id="shopping_cart_container"]/a/span}]
Capabilities {acceptInsecureCerts: false, browserName: MicrosoftEdge, browserVersion: 143.0.3650.75, fedcm:accounts: true, goog:processID: 16284, ms:edgeOptions: {debuggerAddress: localhost:54822}, msedge: {msedgedriverVersion: 143.0.3650.75 (4d325bd07b04..., userDataDir: C:\Users\yousef\AppData\Loc...}, networkConnectionEnabled: false, pageLoadStrategy: normal, platformName: windows, proxy: Proxy(), se:cdp: ws://localhost:54822/devtoo..., se:cdpVersion: 143.0.3650.75, setWindowRect: true, strictFileInteractability: false, timeouts: {implicit: 0, pageLoad: 300000, script: 30000}, unhandledPromptBehavior: dismiss and notify, webauthn:extension:credBlob: true, webauthn:extension:largeBlob: true, webauthn:extension:minPinLength: true, webauthn:extension:prf: true, webauthn:virtualAuthenticators: true}
Session ID: bc39a54fb43295549cb40c0294b38807
[INFO] 2025-12-10 23:46:17 [Utilites.logsutils] - the edge browser is opened
[INFO] 2025-12-10 23:46:31 [Utilites.logsutils] - the edge browser is navigate to url
[INFO] 2025-12-10 23:46:33 [Utilites.logsutils] - Testcase verfiythecartpagestarted
[ERROR] 2025-12-10 23:46:33 [Utilites.logsutils] - Cannot invoke "org.openqa.selenium.JavascriptExecutor.executeScript(String, Object[])" because "js" is null
[INFO] 2025-12-10 23:46:33 [Utilites.logsutils] - Testcase comparethetoltalpricestarted
[INFO] 2025-12-10 23:46:33 [Utilites.logsutils] - Testcase comparethetoltalprice  started 
[ERROR] 2025-12-10 23:46:34 [Utilites.logsutils] - Cannot invoke "org.openqa.selenium.JavascriptExecutor.executeScript(String, Object[])" because "js" is null
[INFO] 2025-12-10 23:46:34 [Utilites.logsutils] - Testcase checkouttcstarted
[INFO] 2025-12-10 23:46:34 [Utilites.logsutils] - Testcase checkouttc  started 
[ERROR] 2025-12-10 23:46:34 [Utilites.logsutils] - Cannot invoke "org.openqa.selenium.JavascriptExecutor.executeScript(String, Object[])" because "js" is null
[INFO] 2025-12-10 23:46:34 [Utilites.logsutils] - Testcase checkouttcstarted
[INFO] 2025-12-10 23:46:34 [Utilites.logsutils] - Testcase checkouttc  started 
[ERROR] 2025-12-10 23:46:34 [Utilites.logsutils] - Cannot invoke "org.openqa.selenium.JavascriptExecutor.executeScript(String, Object[])" because "js" is null
[INFO] 2025-12-10 23:46:34 [Utilites.logsutils] - Testcase completetcstarted
[INFO] 2025-12-10 23:46:34 [Utilites.logsutils] - Testcase completetc  started 
