[ERROR] 2025-12-10 17:45:51 [Utilites.logsutils] - src\test\resources\testdata\information.json (The system cannot find the file specified)
[ERROR] 2025-12-10 17:45:51 [Utilites.logsutils] - src\test\resources\testdata\information.json (The system cannot find the file specified)
[ERROR] 2025-12-10 17:45:51 [Utilites.logsutils] - src\test\resources\testdata\information.json (The system cannot find the file specified)
[ERROR] 2025-12-10 17:45:51 [Utilites.logsutils] - src\test\resources\testdata\information.json (The system cannot find the file specified)
[ERROR] 2025-12-10 17:45:51 [Utilites.logsutils] - src\test\resources\testdata\information.json (The system cannot find the file specified)
[ERROR] 2025-12-10 17:45:51 [Utilites.logsutils] - src\test\resources\testdata\information.json (The system cannot find the file specified)
[INFO] 2025-12-10 17:45:51 [Utilites.logsutils] - null
[INFO] 2025-12-10 17:45:54 [Utilites.logsutils] - the edge browser is opened
[INFO] 2025-12-10 17:45:55 [Utilites.logsutils] - the edge browser is navigate to url
