[ERROR] 2025-12-07 14:19:09 [Utilites.logsutils] - src\test\resources\testdata\information.json (The system cannot find the file specified)
[ERROR] 2025-12-07 14:19:09 [Utilites.logsutils] - src\test\resources\testdata\information.json (The system cannot find the file specified)
[INFO] 2025-12-07 14:19:12 [Utilites.logsutils] - the edge browser is opened
[INFO] 2025-12-07 14:19:35 [Utilites.logsutils] - the edge browser is navigate to url
[INFO] 2025-12-07 14:19:35 [Utilites.logsutils] - Testcase completetcstarted
[INFO] 2025-12-07 14:19:35 [Utilites.logsutils] - the number of add produce6
[INFO] 2025-12-07 14:19:37 [Utilites.logsutils] - firstname :0-2025-12-07-2-19-09PMlastname0-2025-12-07-2-19-09PMzipcode : 50752
