[ERROR] 2025-12-07 14:36:56 [Utilites.logsutils] - src\test\resources\testdata\information.json (The system cannot find the file specified)
[ERROR] 2025-12-07 14:36:56 [Utilites.logsutils] - src\test\resources\testdata\information.json (The system cannot find the file specified)
[INFO] 2025-12-07 14:36:59 [Utilites.logsutils] - the edge browser is opened
[INFO] 2025-12-07 14:37:01 [Utilites.logsutils] - the edge browser is navigate to url
