[ERROR] 2025-12-07 14:26:32 [Utilites.logsutils] - src\test\resources\testdata\information.json (The system cannot find the file specified)
[ERROR] 2025-12-07 14:26:32 [Utilites.logsutils] - src\test\resources\testdata\information.json (The system cannot find the file specified)
[INFO] 2025-12-07 14:26:35 [Utilites.logsutils] - the edge browser is opened
[INFO] 2025-12-07 14:26:38 [Utilites.logsutils] - the edge browser is navigate to url
