[ERROR] 2025-12-10 23:58:35 [Utilites.logsutils] - src\test\resources\testdata\information.json (The system cannot find the file specified)
[ERROR] 2025-12-10 23:58:35 [Utilites.logsutils] - src\test\resources\testdata\information.json (The system cannot find the file specified)
[ERROR] 2025-12-10 23:58:35 [Utilites.logsutils] - src\test\resources\testdata\information.json (The system cannot find the file specified)
[ERROR] 2025-12-10 23:58:35 [Utilites.logsutils] - src\test\resources\testdata\information.json (The system cannot find the file specified)
[ERROR] 2025-12-10 23:58:35 [Utilites.logsutils] - src\test\resources\testdata\information.json (The system cannot find the file specified)
[ERROR] 2025-12-10 23:58:35 [Utilites.logsutils] - src\test\resources\testdata\information.json (The system cannot find the file specified)
[INFO] 2025-12-10 23:58:35 [Utilites.logsutils] - null
[INFO] 2025-12-10 23:58:38 [Utilites.logsutils] - the edge browser is opened
[INFO] 2025-12-10 23:58:45 [Utilites.logsutils] - the edge browser is navigate to url
[INFO] 2025-12-10 23:58:45 [Utilites.logsutils] - Testcase validloginstarted
[INFO] 2025-12-10 23:58:48 [Utilites.logsutils] - the edge browser is opened
[INFO] 2025-12-10 23:59:12 [Utilites.logsutils] - the edge browser is navigate to url
