[ERROR] 2025-12-10 17:46:53 [Utilites.logsutils] - src\test\resources\testdata\information.json (The system cannot find the file specified)
[ERROR] 2025-12-10 17:46:53 [Utilites.logsutils] - src\test\resources\testdata\information.json (The system cannot find the file specified)
[ERROR] 2025-12-10 17:46:53 [Utilites.logsutils] - src\test\resources\testdata\information.json (The system cannot find the file specified)
[ERROR] 2025-12-10 17:46:53 [Utilites.logsutils] - src\test\resources\testdata\information.json (The system cannot find the file specified)
[ERROR] 2025-12-10 17:46:53 [Utilites.logsutils] - src\test\resources\testdata\information.json (The system cannot find the file specified)
[ERROR] 2025-12-10 17:46:53 [Utilites.logsutils] - src\test\resources\testdata\information.json (The system cannot find the file specified)
[INFO] 2025-12-10 17:46:53 [Utilites.logsutils] - null
[INFO] 2025-12-10 17:46:55 [Utilites.logsutils] - the edge browser is opened
[INFO] 2025-12-10 17:47:38 [Utilites.logsutils] - the edge browser is navigate to url
[INFO] 2025-12-10 17:47:38 [Utilites.logsutils] - Testcase validloginstarted
[INFO] 2025-12-10 17:47:41 [Utilites.logsutils] - the edge browser is opened
[INFO] 2025-12-10 17:48:20 [Utilites.logsutils] - the edge browser is navigate to url
[INFO] 2025-12-10 17:48:23 [Utilites.logsutils] - the edge browser is opened
[INFO] 2025-12-10 17:48:51 [Utilites.logsutils] - the edge browser is navigate to url
