[ERROR] 2025-12-10 23:15:52 [Utilites.logsutils] - src\test\resources\testdata\information.json (The system cannot find the file specified)
[ERROR] 2025-12-10 23:15:52 [Utilites.logsutils] - src\test\resources\testdata\information.json (The system cannot find the file specified)
[ERROR] 2025-12-10 23:15:52 [Utilites.logsutils] - src\test\resources\testdata\information.json (The system cannot find the file specified)
[ERROR] 2025-12-10 23:15:52 [Utilites.logsutils] - src\test\resources\testdata\information.json (The system cannot find the file specified)
[ERROR] 2025-12-10 23:15:52 [Utilites.logsutils] - src\test\resources\testdata\information.json (The system cannot find the file specified)
[ERROR] 2025-12-10 23:15:52 [Utilites.logsutils] - src\test\resources\testdata\information.json (The system cannot find the file specified)
[INFO] 2025-12-10 23:15:52 [Utilites.logsutils] - null
[INFO] 2025-12-10 23:15:55 [Utilites.logsutils] - the edge browser is opened
[INFO] 2025-12-10 23:16:06 [Utilites.logsutils] - the edge browser is navigate to url
[INFO] 2025-12-10 23:16:07 [Utilites.logsutils] - Testcase validloginstarted
[INFO] 2025-12-10 23:16:09 [Utilites.logsutils] - the edge browser is opened
[INFO] 2025-12-10 23:16:59 [Utilites.logsutils] - the edge browser is navigate to url
[INFO] 2025-12-10 23:17:01 [Utilites.logsutils] - the edge browser is opened
[INFO] 2025-12-10 23:17:02 [Utilites.logsutils] - the edge browser is navigate to url
[ERROR] 2025-12-10 23:17:08 [Utilites.logsutils] - no such element: Unable to locate element: {"method":"css selector","selector":".\/\/\*\[\@id\=\"shopping_cart_container\"\]\/a\/span"}
  (Session info: MicrosoftEdge=143.0.3650.66)
For documentation on this error, please visit: https://www.selenium.dev/documentation/webdriver/troubleshooting/errors#nosuchelementexception
Build info: version: '4.37.0', revision: '3c1da1e342'
System info: os.name: 'Windows 10', os.arch: 'amd64', os.version: '10.0', java.version: '21.0.8'
Driver info: org.openqa.selenium.edge.EdgeDriver
Command: [63f4a978a964c2a48a3305d03e811480, findElement {using=class name, value=//*[@id="shopping_cart_container"]/a/span}]
Capabilities {acceptInsecureCerts: false, browserName: MicrosoftEdge, browserVersion: 143.0.3650.66, fedcm:accounts: true, goog:processID: 15868, ms:edgeOptions: {debuggerAddress: localhost:49225}, msedge: {msedgedriverVersion: 143.0.3650.75 (4d325bd07b04..., userDataDir: C:\Users\yousef\AppData\Loc...}, networkConnectionEnabled: false, pageLoadStrategy: normal, platformName: windows, proxy: Proxy(), se:cdp: ws://localhost:49225/devtoo..., se:cdpVersion: 143.0.3650.66, setWindowRect: true, strictFileInteractability: false, timeouts: {implicit: 0, pageLoad: 300000, script: 30000}, unhandledPromptBehavior: dismiss and notify, webauthn:extension:credBlob: true, webauthn:extension:largeBlob: true, webauthn:extension:minPinLength: true, webauthn:extension:prf: true, webauthn:virtualAuthenticators: true}
Session ID: 63f4a978a964c2a48a3305d03e811480
[INFO] 2025-12-10 23:17:08 [Utilites.logsutils] - Testcase addrandomnumbertocartstarted
[INFO] 2025-12-10 23:17:08 [Utilites.logsutils] - Testcase addrandomnumbertocart  started 
[INFO] 2025-12-10 23:17:08 [Utilites.logsutils] - Testcase verfiythecartpagestarted
[INFO] 2025-12-10 23:17:08 [Utilites.logsutils] - Testcase verfiythecartpage  started 
