{"uuid":"b87365d9-5289-4f3d-b942-9f3457eec4b8","historyId":"57e207174ebc9a6b02fc665a30cadb30","fullName":"tests.Tc2_landingpage.validlogin","labels":[{"name":"package","value":"tests.Tc2_landingpage"},{"name":"testClass","value":"tests.Tc2_landingpage"},{"name":"testMethod","value":"validlogin"},{"name":"parentSuite","value":"Default Suite"},{"name":"suite","value":"swags.labsautomationprojects"},{"name":"subSuite","value":"tests.Tc2_landingpage"},{"name":"host","value":"DESKTOP-MJ71MAC"},{"name":"thread","value":"7216@DESKTOP-MJ71MAC.main(3)"},{"name":"framework","value":"testng"},{"name":"language","value":"java"}],"links":[],"name":"validlogin","status":"broken","statusDetails":{"known":false,"muted":false,"flaky":false,"message":"java.io.FileNotFoundException: File system element for parameter 'source' does not exist: 'test-outputs\\screenshots\\validlogin.png'","trace":"java.lang.RuntimeException: java.io.FileNotFoundException: File system element for parameter 'source' does not exist: 'test-outputs\\screenshots\\validlogin.png'\r\n\tat listeners.Invokedresultlisteners.afterInvocation(Invokedresultlisteners.java:25)\r\n\tat org.testng.internal.invokers.InvokedMethodListenerInvoker.invokeListener(InvokedMethodListenerInvoker.java:60)\r\n\tat org.testng.internal.invokers.BaseInvoker.runInvokedMethodListeners(BaseInvoker.java:82)\r\n\tat org.testng.internal.invokers.TestInvoker.invokeMethod(TestInvoker.java:747)\r\n\tat org.testng.internal.invokers.TestInvoker.invokeTestMethod(TestInvoker.java:230)\r\n\tat org.testng.internal.invokers.MethodRunner.runInSequence(MethodRunner.java:63)\r\n\tat org.testng.internal.invokers.TestInvoker$MethodInvocationAgent.invoke(TestInvoker.java:995)\r\n\tat org.testng.internal.invokers.TestInvoker.invokeTestMethods(TestInvoker.java:203)\r\n\tat org.testng.internal.invokers.TestMethodWorker.invokeTestMethods(TestMethodWorker.java:154)\r\n\tat org.testng.internal.invokers.TestMethodWorker.run(TestMethodWorker.java:134)\r\n\tat java.base/java.util.ArrayList.forEach(ArrayList.java:1604)\r\n\tat org.testng.TestRunner.privateRun(TestRunner.java:741)\r\n\tat org.testng.TestRunner.run(TestRunner.java:616)\r\n\tat org.testng.SuiteRunner.runTest(SuiteRunner.java:421)\r\n\tat org.testng.SuiteRunner.runSequentially(SuiteRunner.java:413)\r\n\tat org.testng.SuiteRunner.privateRun(SuiteRunner.java:373)\r\n\tat org.testng.SuiteRunner.run(SuiteRunner.java:312)\r\n\tat org.testng.SuiteRunnerWorker.runSuite(SuiteRunnerWorker.java:52)\r\n\tat org.testng.SuiteRunnerWorker.run(SuiteRunnerWorker.java:95)\r\n\tat org.testng.TestNG.runSuitesSequentially(TestNG.java:1274)\r\n\tat org.testng.TestNG.runSuitesLocally(TestNG.java:1208)\r\n\tat org.testng.TestNG.runSuites(TestNG.java:1112)\r\n\tat org.testng.TestNG.run(TestNG.java:1079)\r\n\tat com.intellij.rt.testng.IDEARemoteTestNG.run(IDEARemoteTestNG.java:65)\r\n\tat com.intellij.rt.testng.RemoteTestNGStarter.main(RemoteTestNGStarter.java:105)\r\nCaused by: java.io.FileNotFoundException: File system element for parameter 'source' does not exist: 'test-outputs\\screenshots\\validlogin.png'\r\n\tat org.apache.commons.io.FileUtils.requireExistsChecked(FileUtils.java:2802)\r\n\tat org.apache.commons.io.FileUtils.requireFileCopy(FileUtils.java:2833)\r\n\tat org.apache.commons.io.FileUtils.copyFile(FileUtils.java:799)\r\n\tat org.apache.commons.io.FileUtils.copyFile(FileUtils.java:834)\r\n\tat org.apache.commons.io.FileUtils.copyFile(FileUtils.java:742)\r\n\tat Utilites.utility.takingscreenshot(utility.java:66)\r\n\tat listeners.Invokedresultlisteners.afterInvocation(Invokedresultlisteners.java:22)\r\n\t... 24 more\r\n"},"stage":"finished","steps":[],"attachments":[],"parameters":[],"start":1764431226079,"stop":1764431226979}