[ERROR] 2025-12-10 23:45:48 [Utilites.logsutils] - src\test\resources\testdata\information.json (The system cannot find the file specified)
[ERROR] 2025-12-10 23:45:48 [Utilites.logsutils] - src\test\resources\testdata\information.json (The system cannot find the file specified)
[ERROR] 2025-12-10 23:45:48 [Utilites.logsutils] - src\test\resources\testdata\information.json (The system cannot find the file specified)
[ERROR] 2025-12-10 23:45:48 [Utilites.logsutils] - src\test\resources\testdata\information.json (The system cannot find the file specified)
[ERROR] 2025-12-10 23:45:48 [Utilites.logsutils] - src\test\resources\testdata\information.json (The system cannot find the file specified)
[ERROR] 2025-12-10 23:45:48 [Utilites.logsutils] - src\test\resources\testdata\information.json (The system cannot find the file specified)
[INFO] 2025-12-10 23:45:48 [Utilites.logsutils] - null
[INFO] 2025-12-10 23:45:50 [Utilites.logsutils] - the edge browser is opened
[INFO] 2025-12-10 23:45:52 [Utilites.logsutils] - the edge browser is navigate to url
