[ERROR] 2025-12-07 14:38:47 [Utilites.logsutils] - src\test\resources\testdata\information.json (The system cannot find the file specified)
[ERROR] 2025-12-07 14:38:47 [Utilites.logsutils] - src\test\resources\testdata\information.json (The system cannot find the file specified)
[INFO] 2025-12-07 14:38:51 [Utilites.logsutils] - the edge browser is opened
[INFO] 2025-12-07 14:38:53 [Utilites.logsutils] - the edge browser is navigate to url
