[ERROR] 2025-12-11 00:01:43 [Utilites.logsutils] - src\test\resources\testdata\information.json (The system cannot find the file specified)
[ERROR] 2025-12-11 00:01:43 [Utilites.logsutils] - src\test\resources\testdata\information.json (The system cannot find the file specified)
[ERROR] 2025-12-11 00:01:44 [Utilites.logsutils] - src\test\resources\testdata\information.json (The system cannot find the file specified)
[ERROR] 2025-12-11 00:01:44 [Utilites.logsutils] - src\test\resources\testdata\information.json (The system cannot find the file specified)
[ERROR] 2025-12-11 00:01:44 [Utilites.logsutils] - src\test\resources\testdata\information.json (The system cannot find the file specified)
[ERROR] 2025-12-11 00:01:44 [Utilites.logsutils] - src\test\resources\testdata\information.json (The system cannot find the file specified)
[INFO] 2025-12-11 00:01:44 [Utilites.logsutils] - null
[INFO] 2025-12-11 00:01:46 [Utilites.logsutils] - the edge browser is opened
[INFO] 2025-12-11 00:01:49 [Utilites.logsutils] - the edge browser is navigate to url
